[0KRunning with gitlab-runner 18.4.0~pre.115.gb2218bab (b2218bab)[0;m
[0K  on blue-2.saas-linux-small-amd64.runners-manager.gitlab.com/default XxUrkriXT, system ID: s_f46a988edce4[0;m
section_start:1759142571:prepare_executor
[0K[0K[36;1mPreparing the "docker+machine" executor[0;m[0;m
[0KUsing Docker executor with image node:lts ...[0;m
[0KUsing effective pull policy of [always] for container node:lts[0;m
[0KPulling docker image node:lts ...[0;m
[0KUsing docker image sha256:17984048df6ccdddbfd860fac6e6399763148ffc37c26a38699426f624a6506d for node:lts with digest node@sha256:4973262386dc1cb70f7d6fc48a855027d8f12d2d3b1fe559b9db9a4fcb74668f ...[0;m
section_end:1759142593:prepare_executor
[0Ksection_start:1759142593:prepare_script
[0K[0K[36;1mPreparing environment[0;m[0;m
[0KUsing effective pull policy of [always] for container sha256:de4fb85a3858a1d19d16053b177d5e3ffd7b9101dcc9a3beb5033caf158ab9b1[0;m
Running on runner-xxurkrixt-project-74750000-concurrent-0 via runner-xxurkrixt-s-l-s-amd64-1759142529-d02c4893...
section_end:1759142599:prepare_script
[0Ksection_start:1759142599:get_sources
[0K[0K[36;1mGetting source from Git repository[0;m[0;m
[32;1mGitaly correlation ID: 90932e36134e497091646f87253356aa[0;m
[32;1mFetching changes with git depth set to 20...[0;m
Initialized empty Git repository in /builds/aprado4/dag-www/.git/
[32;1mCreated fresh repository.[0;m
[32;1mChecking out 2703dac2 as detached HEAD (ref is main)...[0;m

[32;1mSkipping Git submodules setup[0;m
[32;1m$ git remote set-url origin "${CI_REPOSITORY_URL}" || echo 'Not a git repository; skipping'[0;m
section_end:1759142600:get_sources
[0Ksection_start:1759142600:restore_cache
[0K[0K[36;1mRestoring cache[0;m[0;m
[32;1mChecking cache for default-protected...[0;m
Downloading cache from https://storage.googleapis.com/gitlab-com-runners-cache/project/74750000/default-protected[0;m  ETag[0;m="f3a431dddd194f19b3d27e6b1f57028d"
[32;1mSuccessfully extracted cache[0;m
section_end:1759142605:restore_cache
[0Ksection_start:1759142605:step_script
[0K[0K[36;1mExecuting "step_script" stage of the job script[0;m[0;m
[0KUsing effective pull policy of [always] for container node:lts[0;m
[0KUsing docker image sha256:17984048df6ccdddbfd860fac6e6399763148ffc37c26a38699426f624a6506d for node:lts with digest node@sha256:4973262386dc1cb70f7d6fc48a855027d8f12d2d3b1fe559b9db9a4fcb74668f ...[0;m
[32;1m$ echo "🎵 Instalando dependencias..."[0;m
🎵 Instalando dependencias...
[32;1m$ npm install --production[0;m
npm warn config production Use `--omit=dev` instead.

up to date, audited 331 packages in 2s

152 packages are looking for funding
  run `npm fund` for details

3 moderate severity vulnerabilities

To address all issues (including breaking changes), run:
  npm audit fix --force

Run `npm audit` for details.
[32;1m$ echo "🎵 Construyendo sitio Astro..."[0;m
🎵 Construyendo sitio Astro...
[32;1m$ npm run build[0;m

> dagklassical-website@1.0.0 build
> astro build

10:43:28 [types] Added src/env.d.ts type declarations
10:43:28 [types] Generated 61ms
10:43:28 [build] output: "static"
10:43:28 [build] directory: /builds/aprado4/dag-www/dist/
10:43:28 [build] Collecting build info...
10:43:28 [build] ✓ Completed in 69ms.
10:43:28 [build] Building static entrypoints...
10:43:29 [vite] [32m✓ built in 1.10s[39m
10:43:29 [build] ✓ Completed in 1.14s.

 generating static routes 
10:43:29 ▶ src/pages/contactos.astro
10:43:29   └─ /contactos/index.html (+6ms)
10:43:29 ▶ src/pages/discografia.astro
10:43:29   └─ /discografia/index.html (+6ms)
10:43:29 ▶ src/pages/lanzamientos.astro
10:43:29   └─ /lanzamientos/index.html (+2ms)
10:43:29 ▶ src/pages/sobre-nosotros.astro
10:43:29   └─ /sobre-nosotros/index.html (+4ms)
10:43:29 ▶ src/pages/tienda.astro
10:43:29   └─ /tienda/index.html (+2ms)
10:43:29 ▶ src/pages/index.astro
10:43:29   └─ /index.htmltitle is not defined
  Stack trace:
    at file:///builds/aprado4/dag-www/dist/pages/index.astro.mjs?time=1759142609841:12:279
    at callComponentAsTemplateResultOrResponse (file:///builds/aprado4/dag-www/node_modules/astro/dist/runtime/server/render/astro/render.js:90:31)
    at renderPage (file:///builds/aprado4/dag-www/node_modules/astro/dist/runtime/server/render/page.js:44:18)
    at async NOOP_MIDDLEWARE_FN (file:///builds/aprado4/dag-www/node_modules/astro/dist/core/middleware/noop-middleware.js:3:20)
    at async RenderContext.render (file:///builds/aprado4/dag-www/node_modules/astro/dist/core/render-context.js:178:22)
section_end:1759142610:step_script
[0Ksection_start:1759142610:cleanup_file_variables
[0K[0K[36;1mCleaning up project directory and file based variables[0;m[0;m
section_end:1759142610:cleanup_file_variables
[0K[31;1mERROR: Job failed: exit code 1
[0;m
